{"uuid":"0b559a16-4928-4a25-83ce-c5b97b8818f4","name":"Choose handbook in navigation bar","historyId":"9790fe94b7edf4eaac542209aee26e09:5bd835b0d6b1d4ada3b9f0db936e82c8","status":"failed","statusDetails":{"message":"Error: expect.toContainText: DOMException: Failed to execute 'evaluate' on 'Document': The string '////div/h1' is not a valid XPath expression.\n    at Object.queryAll (<anonymous>:41:25)\n    at InjectedScript._queryEngineAll (<anonymous>:5042:49)\n    at InjectedScript.querySelectorAll (<anonymous>:5029:30)\n    at eval (eval at evaluate (:226:30), <anonymous>:6:44)\n    at UtilityScript.evaluate (<anonymous>:228:17)\n    at UtilityScript.<anonymous> (<anonymous>:1:44)\nCall log:\n  - expect.toContainText with timeout 30000ms\n  - waiting for locator('////div/h1')\n","trace":"Error: expect.toContainText: DOMException: Failed to execute 'evaluate' on 'Document': The string '////div/h1' is not a valid XPath expression.\n    at Object.queryAll (<anonymous>:41:25)\n    at InjectedScript._queryEngineAll (<anonymous>:5042:49)\n    at InjectedScript.querySelectorAll (<anonymous>:5029:30)\n    at eval (eval at evaluate (:226:30), <anonymous>:6:44)\n    at UtilityScript.evaluate (<anonymous>:228:17)\n    at UtilityScript.<anonymous> (<anonymous>:1:44)\nCall log:\n  - expect.toContainText with timeout 30000ms\n  - waiting for locator('////div/h1')\n\n    at Object.queryAll (/Users/natalie/Desktop/TMS_Auto/<anonymous>:41:25)\n    at InjectedScript._queryEngineAll (/Users/natalie/Desktop/TMS_Auto/<anonymous>:5042:49)\n    at InjectedScript.querySelectorAll (/Users/natalie/Desktop/TMS_Auto/<anonymous>:5029:30)\n    at eval (/Users/natalie/Desktop/TMS_Auto/eval at evaluate (:226:30), <anonymous>:6:44)\n    at UtilityScript.evaluate (/Users/natalie/Desktop/TMS_Auto/<anonymous>:228:17)\n    at UtilityScript.<anonymous> (/Users/natalie/Desktop/TMS_Auto/<anonymous>:1:44)\n    at /Users/natalie/Desktop/TMS_Auto/playwright/tests/example.spec.ts:71:40"},"stage":"finished","steps":[{"status":"passed","statusDetails":{},"stage":"finished","steps":[{"status":"passed","statusDetails":{},"stage":"finished","steps":[{"status":"passed","statusDetails":{},"stage":"finished","steps":[{"status":"passed","statusDetails":{},"stage":"finished","steps":[],"attachments":[],"parameters":[],"start":1722591949451,"name":"browserType.launch","stop":1722591949853}],"attachments":[],"parameters":[],"start":1722591949450,"name":"fixture: browser","stop":1722591949855},{"status":"passed","statusDetails":{},"stage":"finished","steps":[],"attachments":[],"parameters":[],"start":1722591949857,"name":"browser.newPage","stop":1722591949960}],"attachments":[],"parameters":[],"start":1722591949444,"name":"beforeAll hook","stop":1722591949971}],"attachments":[],"parameters":[],"start":1722591949444,"name":"Before Hooks","stop":1722591949983},{"status":"passed","statusDetails":{},"stage":"finished","steps":[],"attachments":[],"parameters":[],"start":1722591949985,"name":"page.goto(https://www.typescriptlang.org/)","stop":1722591950443},{"status":"passed","statusDetails":{},"stage":"finished","steps":[],"attachments":[],"parameters":[],"start":1722591950444,"name":"locator.click(#tab3)","stop":1722591950590},{"status":"passed","statusDetails":{},"stage":"finished","steps":[],"attachments":[],"parameters":[],"start":1722591950591,"name":"page.goto(https://www.typescriptlang.org/docs/hand","stop":1722591951343},{"status":"failed","statusDetails":{"message":"Tearing down \"trace recording\" exceeded the test timeout of 30000ms.","trace":"Tearing down \"trace recording\" exceeded the test timeout of 30000ms."},"stage":"finished","steps":[{"status":"failed","statusDetails":{"message":"Error: expect.toContainText: DOMException: Failed to execute 'evaluate' on 'Document': The string '////div/h1' is not a valid XPath expression.\n    at Object.queryAll (<anonymous>:41:25)\n    at InjectedScript._queryEngineAll (<anonymous>:5042:49)\n    at InjectedScript.querySelectorAll (<anonymous>:5029:30)\n    at eval (eval at evaluate (:226:30), <anonymous>:6:44)\n    at UtilityScript.evaluate (<anonymous>:228:17)\n    at UtilityScript.<anonymous> (<anonymous>:1:44)\nCall log:\n  - expect.toContainText with timeout 30000ms\n  - waiting for locator('////div/h1')\n","trace":"Error: expect.toContainText: DOMException: Failed to execute 'evaluate' on 'Document': The string '////div/h1' is not a valid XPath expression.\n    at Object.queryAll (<anonymous>:41:25)\n    at InjectedScript._queryEngineAll (<anonymous>:5042:49)\n    at InjectedScript.querySelectorAll (<anonymous>:5029:30)\n    at eval (eval at evaluate (:226:30), <anonymous>:6:44)\n    at UtilityScript.evaluate (<anonymous>:228:17)\n    at UtilityScript.<anonymous> (<anonymous>:1:44)\nCall log:\n  - expect.toContainText with timeout 30000ms\n  - waiting for locator('////div/h1')\n\n    at Object.queryAll (/Users/natalie/Desktop/TMS_Auto/<anonymous>:41:25)\n    at InjectedScript._queryEngineAll (/Users/natalie/Desktop/TMS_Auto/<anonymous>:5042:49)\n    at InjectedScript.querySelectorAll (/Users/natalie/Desktop/TMS_Auto/<anonymous>:5029:30)\n    at eval (/Users/natalie/Desktop/TMS_Auto/eval at evaluate (:226:30), <anonymous>:6:44)\n    at UtilityScript.evaluate (/Users/natalie/Desktop/TMS_Auto/<anonymous>:228:17)\n    at UtilityScript.<anonymous> (/Users/natalie/Desktop/TMS_Auto/<anonymous>:1:44)\n    at /Users/natalie/Desktop/TMS_Auto/playwright/tests/example.spec.ts:71:40"},"stage":"finished","steps":[],"attachments":[],"parameters":[],"start":1722591951348,"name":"After Hooks","stop":1722591951374},{"status":"passed","statusDetails":{},"stage":"finished","steps":[{"status":"passed","statusDetails":{},"stage":"finished","steps":[],"attachments":[],"parameters":[],"start":1722591951437,"name":"page.close","stop":1722591951442}],"attachments":[],"parameters":[],"start":1722591951372,"name":"afterAll hook","stop":1722591951442}],"attachments":[],"parameters":[],"start":1722591951345,"name":"expect.toContainText","stop":1722591951439},{"status":"passed","statusDetails":{},"stage":"finished","steps":[{"status":"passed","statusDetails":{},"stage":"finished","steps":[],"attachments":[],"parameters":[],"start":1722591951443,"name":"fixture: browser","stop":1722591951471}],"attachments":[],"parameters":[],"start":1722591951443,"name":"Worker Cleanup","stop":1722591951471},{"statusDetails":{},"stage":"finished","steps":[],"attachments":[{"name":"trace","source":"324bc70d-d935-4ab5-bd23-84b49e29c880-attachment.zip","type":"application/zip"}],"parameters":[],"start":1722591951566,"name":"trace","stop":1722591951566}],"attachments":[],"parameters":[{"name":"Project","value":"chromium"}],"labels":[{"name":"language","value":"JavaScript"},{"name":"framework","value":"Playwright"},{"name":"titlePath","value":" > chromium > example.spec.ts > Check navigation bar"},{"name":"package","value":"example.spec.ts"},{"name":"host","value":"Air-Natalie.bbrouter"},{"name":"thread","value":"Air-Natalie.bbrouter-65605-playwright-worker-0"},{"name":"parentSuite","value":"chromium"},{"name":"suite","value":"example.spec.ts"},{"name":"subSuite","value":"Check navigation bar"}],"links":[],"start":1722591949436,"testCaseId":"9790fe94b7edf4eaac542209aee26e09","fullName":"example.spec.ts:66:7","stop":1722591950836}