{"uuid":"1033181e-db38-402e-9775-8a01990dbb95","name":"Choose handbook in navigation bar","historyId":"9790fe94b7edf4eaac542209aee26e09:5bd835b0d6b1d4ada3b9f0db936e82c8","status":"failed","statusDetails":{"message":"Error: expect.toContainText: DOMException: Failed to execute 'evaluate' on 'Document': The string '////div/h1' is not a valid XPath expression.\n    at Object.queryAll (<anonymous>:41:25)\n    at InjectedScript._queryEngineAll (<anonymous>:5042:49)\n    at InjectedScript.querySelectorAll (<anonymous>:5029:30)\n    at eval (eval at evaluate (:226:30), <anonymous>:6:44)\n    at UtilityScript.evaluate (<anonymous>:228:17)\n    at UtilityScript.<anonymous> (<anonymous>:1:44)\nCall log:\n  - expect.toContainText with timeout 30000ms\n  - waiting for locator('////div/h1')\n","trace":"Error: expect.toContainText: DOMException: Failed to execute 'evaluate' on 'Document': The string '////div/h1' is not a valid XPath expression.\n    at Object.queryAll (<anonymous>:41:25)\n    at InjectedScript._queryEngineAll (<anonymous>:5042:49)\n    at InjectedScript.querySelectorAll (<anonymous>:5029:30)\n    at eval (eval at evaluate (:226:30), <anonymous>:6:44)\n    at UtilityScript.evaluate (<anonymous>:228:17)\n    at UtilityScript.<anonymous> (<anonymous>:1:44)\nCall log:\n  - expect.toContainText with timeout 30000ms\n  - waiting for locator('////div/h1')\n\n    at Object.queryAll (/Users/natalie/Desktop/TMS_Auto/<anonymous>:41:25)\n    at InjectedScript._queryEngineAll (/Users/natalie/Desktop/TMS_Auto/<anonymous>:5042:49)\n    at InjectedScript.querySelectorAll (/Users/natalie/Desktop/TMS_Auto/<anonymous>:5029:30)\n    at eval (/Users/natalie/Desktop/TMS_Auto/eval at evaluate (:226:30), <anonymous>:6:44)\n    at UtilityScript.evaluate (/Users/natalie/Desktop/TMS_Auto/<anonymous>:228:17)\n    at UtilityScript.<anonymous> (/Users/natalie/Desktop/TMS_Auto/<anonymous>:1:44)\n    at /Users/natalie/Desktop/TMS_Auto/playwright/tests/example.spec.ts:71:40"},"stage":"finished","steps":[{"status":"passed","statusDetails":{},"stage":"finished","steps":[{"status":"passed","statusDetails":{},"stage":"finished","steps":[{"status":"passed","statusDetails":{},"stage":"finished","steps":[{"status":"passed","statusDetails":{},"stage":"finished","steps":[],"attachments":[],"parameters":[],"start":1722591917016,"name":"browserType.launch","stop":1722591917250}],"attachments":[],"parameters":[],"start":1722591917014,"name":"fixture: browser","stop":1722591917250},{"status":"passed","statusDetails":{},"stage":"finished","steps":[],"attachments":[],"parameters":[],"start":1722591917251,"name":"browser.newPage","stop":1722591917545}],"attachments":[],"parameters":[],"start":1722591917009,"name":"beforeAll hook","stop":1722591917558}],"attachments":[],"parameters":[],"start":1722591917009,"name":"Before Hooks","stop":1722591917576},{"status":"passed","statusDetails":{},"stage":"finished","steps":[],"attachments":[],"parameters":[],"start":1722591917581,"name":"page.goto(https://www.typescriptlang.org/)","stop":1722591918117},{"status":"passed","statusDetails":{},"stage":"finished","steps":[],"attachments":[],"parameters":[],"start":1722591918118,"name":"locator.click(#tab3)","stop":1722591918418},{"status":"passed","statusDetails":{},"stage":"finished","steps":[],"attachments":[],"parameters":[],"start":1722591918419,"name":"page.goto(https://www.typescriptlang.org/docs/hand","stop":1722591918976},{"status":"failed","statusDetails":{"message":"Tearing down \"trace recording\" exceeded the test timeout of 30000ms.","trace":"Tearing down \"trace recording\" exceeded the test timeout of 30000ms."},"stage":"finished","steps":[{"status":"failed","statusDetails":{"message":"Error: expect.toContainText: DOMException: Failed to execute 'evaluate' on 'Document': The string '////div/h1' is not a valid XPath expression.\n    at Object.queryAll (<anonymous>:41:25)\n    at InjectedScript._queryEngineAll (<anonymous>:5042:49)\n    at InjectedScript.querySelectorAll (<anonymous>:5029:30)\n    at eval (eval at evaluate (:226:30), <anonymous>:6:44)\n    at UtilityScript.evaluate (<anonymous>:228:17)\n    at UtilityScript.<anonymous> (<anonymous>:1:44)\nCall log:\n  - expect.toContainText with timeout 30000ms\n  - waiting for locator('////div/h1')\n","trace":"Error: expect.toContainText: DOMException: Failed to execute 'evaluate' on 'Document': The string '////div/h1' is not a valid XPath expression.\n    at Object.queryAll (<anonymous>:41:25)\n    at InjectedScript._queryEngineAll (<anonymous>:5042:49)\n    at InjectedScript.querySelectorAll (<anonymous>:5029:30)\n    at eval (eval at evaluate (:226:30), <anonymous>:6:44)\n    at UtilityScript.evaluate (<anonymous>:228:17)\n    at UtilityScript.<anonymous> (<anonymous>:1:44)\nCall log:\n  - expect.toContainText with timeout 30000ms\n  - waiting for locator('////div/h1')\n\n    at Object.queryAll (/Users/natalie/Desktop/TMS_Auto/<anonymous>:41:25)\n    at InjectedScript._queryEngineAll (/Users/natalie/Desktop/TMS_Auto/<anonymous>:5042:49)\n    at InjectedScript.querySelectorAll (/Users/natalie/Desktop/TMS_Auto/<anonymous>:5029:30)\n    at eval (/Users/natalie/Desktop/TMS_Auto/eval at evaluate (:226:30), <anonymous>:6:44)\n    at UtilityScript.evaluate (/Users/natalie/Desktop/TMS_Auto/<anonymous>:228:17)\n    at UtilityScript.<anonymous> (/Users/natalie/Desktop/TMS_Auto/<anonymous>:1:44)\n    at /Users/natalie/Desktop/TMS_Auto/playwright/tests/example.spec.ts:71:40"},"stage":"finished","steps":[],"attachments":[],"parameters":[],"start":1722591918985,"name":"After Hooks","stop":1722591919014},{"status":"passed","statusDetails":{},"stage":"finished","steps":[{"status":"passed","statusDetails":{},"stage":"finished","steps":[],"attachments":[],"parameters":[],"start":1722591919078,"name":"page.close","stop":1722591919088}],"attachments":[],"parameters":[],"start":1722591919011,"name":"afterAll hook","stop":1722591919088}],"attachments":[],"parameters":[],"start":1722591918981,"name":"expect.toContainText","stop":1722591919085},{"status":"passed","statusDetails":{},"stage":"finished","steps":[{"status":"passed","statusDetails":{},"stage":"finished","steps":[],"attachments":[],"parameters":[],"start":1722591919089,"name":"fixture: browser","stop":1722591919110}],"attachments":[],"parameters":[],"start":1722591919089,"name":"Worker Cleanup","stop":1722591919110},{"statusDetails":{},"stage":"finished","steps":[],"attachments":[{"name":"trace","source":"030939b9-f224-46ae-9f67-acccf3d3851b-attachment.zip","type":"application/zip"}],"parameters":[],"start":1722591919195,"name":"trace","stop":1722591919195}],"attachments":[],"parameters":[{"name":"Project","value":"chromium"}],"labels":[{"name":"language","value":"JavaScript"},{"name":"framework","value":"Playwright"},{"name":"titlePath","value":" > chromium > example.spec.ts > Check navigation bar"},{"name":"package","value":"example.spec.ts"},{"name":"host","value":"Air-Natalie.bbrouter"},{"name":"thread","value":"Air-Natalie.bbrouter-65605-playwright-worker-0"},{"name":"parentSuite","value":"chromium"},{"name":"suite","value":"example.spec.ts"},{"name":"subSuite","value":"Check navigation bar"}],"links":[],"start":1722591917003,"testCaseId":"9790fe94b7edf4eaac542209aee26e09","fullName":"example.spec.ts:66:7","stop":1722591918454}