{"uuid":"8f8b3e38-df9c-4aba-8691-5c31efbb9273","name":"Choose handbook in navigation bar","historyId":"9790fe94b7edf4eaac542209aee26e09:5bd835b0d6b1d4ada3b9f0db936e82c8","status":"failed","statusDetails":{"message":"Error: expect.toContainText: DOMException: Failed to execute 'evaluate' on 'Document': The string '////div/h1' is not a valid XPath expression.\n    at Object.queryAll (<anonymous>:41:25)\n    at InjectedScript._queryEngineAll (<anonymous>:5042:49)\n    at InjectedScript.querySelectorAll (<anonymous>:5029:30)\n    at eval (eval at evaluate (:226:30), <anonymous>:6:44)\n    at UtilityScript.evaluate (<anonymous>:228:17)\n    at UtilityScript.<anonymous> (<anonymous>:1:44)\nCall log:\n  - expect.toContainText with timeout 30000ms\n  - waiting for locator('////div/h1')\n","trace":"Error: expect.toContainText: DOMException: Failed to execute 'evaluate' on 'Document': The string '////div/h1' is not a valid XPath expression.\n    at Object.queryAll (<anonymous>:41:25)\n    at InjectedScript._queryEngineAll (<anonymous>:5042:49)\n    at InjectedScript.querySelectorAll (<anonymous>:5029:30)\n    at eval (eval at evaluate (:226:30), <anonymous>:6:44)\n    at UtilityScript.evaluate (<anonymous>:228:17)\n    at UtilityScript.<anonymous> (<anonymous>:1:44)\nCall log:\n  - expect.toContainText with timeout 30000ms\n  - waiting for locator('////div/h1')\n\n    at Object.queryAll (/Users/natalie/Desktop/TMS_Auto/<anonymous>:41:25)\n    at InjectedScript._queryEngineAll (/Users/natalie/Desktop/TMS_Auto/<anonymous>:5042:49)\n    at InjectedScript.querySelectorAll (/Users/natalie/Desktop/TMS_Auto/<anonymous>:5029:30)\n    at eval (/Users/natalie/Desktop/TMS_Auto/eval at evaluate (:226:30), <anonymous>:6:44)\n    at UtilityScript.evaluate (/Users/natalie/Desktop/TMS_Auto/<anonymous>:228:17)\n    at UtilityScript.<anonymous> (/Users/natalie/Desktop/TMS_Auto/<anonymous>:1:44)\n    at /Users/natalie/Desktop/TMS_Auto/playwright/tests/example.spec.ts:72:40"},"stage":"finished","steps":[{"status":"passed","statusDetails":{},"stage":"finished","steps":[{"status":"passed","statusDetails":{},"stage":"finished","steps":[{"status":"passed","statusDetails":{},"stage":"finished","steps":[{"status":"passed","statusDetails":{},"stage":"finished","steps":[],"attachments":[],"parameters":[],"start":1722592102839,"name":"browserType.launch","stop":1722592103097}],"attachments":[],"parameters":[],"start":1722592102838,"name":"fixture: browser","stop":1722592103097},{"status":"passed","statusDetails":{},"stage":"finished","steps":[],"attachments":[],"parameters":[],"start":1722592103099,"name":"browser.newPage","stop":1722592103172}],"attachments":[],"parameters":[],"start":1722592102833,"name":"beforeAll hook","stop":1722592103182}],"attachments":[],"parameters":[],"start":1722592102832,"name":"Before Hooks","stop":1722592103186},{"status":"passed","statusDetails":{},"stage":"finished","steps":[],"attachments":[],"parameters":[],"start":1722592103188,"name":"page.goto(https://www.typescriptlang.org/)","stop":1722592103591},{"status":"passed","statusDetails":{},"stage":"finished","steps":[],"attachments":[],"parameters":[],"start":1722592103593,"name":"locator.click(#tab3)","stop":1722592103743},{"status":"passed","statusDetails":{},"stage":"finished","steps":[],"attachments":[],"parameters":[],"start":1722592103744,"name":"page.goto(https://www.typescriptlang.org/docs/hand","stop":1722592104538},{"status":"failed","statusDetails":{"message":"Tearing down \"trace recording\" exceeded the test timeout of 30000ms.","trace":"Tearing down \"trace recording\" exceeded the test timeout of 30000ms."},"stage":"finished","steps":[{"status":"failed","statusDetails":{"message":"Error: expect.toContainText: DOMException: Failed to execute 'evaluate' on 'Document': The string '////div/h1' is not a valid XPath expression.\n    at Object.queryAll (<anonymous>:41:25)\n    at InjectedScript._queryEngineAll (<anonymous>:5042:49)\n    at InjectedScript.querySelectorAll (<anonymous>:5029:30)\n    at eval (eval at evaluate (:226:30), <anonymous>:6:44)\n    at UtilityScript.evaluate (<anonymous>:228:17)\n    at UtilityScript.<anonymous> (<anonymous>:1:44)\nCall log:\n  - expect.toContainText with timeout 30000ms\n  - waiting for locator('////div/h1')\n","trace":"Error: expect.toContainText: DOMException: Failed to execute 'evaluate' on 'Document': The string '////div/h1' is not a valid XPath expression.\n    at Object.queryAll (<anonymous>:41:25)\n    at InjectedScript._queryEngineAll (<anonymous>:5042:49)\n    at InjectedScript.querySelectorAll (<anonymous>:5029:30)\n    at eval (eval at evaluate (:226:30), <anonymous>:6:44)\n    at UtilityScript.evaluate (<anonymous>:228:17)\n    at UtilityScript.<anonymous> (<anonymous>:1:44)\nCall log:\n  - expect.toContainText with timeout 30000ms\n  - waiting for locator('////div/h1')\n\n    at Object.queryAll (/Users/natalie/Desktop/TMS_Auto/<anonymous>:41:25)\n    at InjectedScript._queryEngineAll (/Users/natalie/Desktop/TMS_Auto/<anonymous>:5042:49)\n    at InjectedScript.querySelectorAll (/Users/natalie/Desktop/TMS_Auto/<anonymous>:5029:30)\n    at eval (/Users/natalie/Desktop/TMS_Auto/eval at evaluate (:226:30), <anonymous>:6:44)\n    at UtilityScript.evaluate (/Users/natalie/Desktop/TMS_Auto/<anonymous>:228:17)\n    at UtilityScript.<anonymous> (/Users/natalie/Desktop/TMS_Auto/<anonymous>:1:44)\n    at /Users/natalie/Desktop/TMS_Auto/playwright/tests/example.spec.ts:72:40"},"stage":"finished","steps":[],"attachments":[],"parameters":[],"start":1722592104544,"name":"After Hooks","stop":1722592104570},{"status":"passed","statusDetails":{},"stage":"finished","steps":[{"status":"passed","statusDetails":{},"stage":"finished","steps":[],"attachments":[],"parameters":[],"start":1722592104630,"name":"page.close","stop":1722592104635}],"attachments":[],"parameters":[],"start":1722592104568,"name":"afterAll hook","stop":1722592104635}],"attachments":[],"parameters":[],"start":1722592104541,"name":"expect.toContainText","stop":1722592104632},{"status":"passed","statusDetails":{},"stage":"finished","steps":[{"status":"passed","statusDetails":{},"stage":"finished","steps":[],"attachments":[],"parameters":[],"start":1722592104636,"name":"fixture: browser","stop":1722592104672}],"attachments":[],"parameters":[],"start":1722592104635,"name":"Worker Cleanup","stop":1722592104672},{"statusDetails":{},"stage":"finished","steps":[],"attachments":[{"name":"trace","source":"24bc42f1-a25a-4e42-be83-fdcd1a254058-attachment.zip","type":"application/zip"}],"parameters":[],"start":1722592104748,"name":"trace","stop":1722592104748}],"attachments":[],"parameters":[{"name":"Project","value":"chromium"}],"labels":[{"name":"language","value":"JavaScript"},{"name":"framework","value":"Playwright"},{"name":"titlePath","value":" > chromium > example.spec.ts > Check navigation bar"},{"name":"package","value":"example.spec.ts"},{"name":"host","value":"Air-Natalie.bbrouter"},{"name":"thread","value":"Air-Natalie.bbrouter-65605-playwright-worker-0"},{"name":"parentSuite","value":"chromium"},{"name":"suite","value":"example.spec.ts"},{"name":"subSuite","value":"Check navigation bar"}],"links":[],"start":1722592102826,"testCaseId":"9790fe94b7edf4eaac542209aee26e09","fullName":"example.spec.ts:67:7","stop":1722592104211}